{"/Users/enri/Desktop/projects/personal/tmlambda/src/ApiResponseHelper.js": {"path":"/Users/enri/Desktop/projects/personal/tmlambda/src/ApiResponseHelper.js","statementMap":{"0":{"start":{"line":6,"column":30},"end":{"line":9,"column":1}},"1":{"start":{"line":19,"column":4},"end":{"line":23,"column":6}},"2":{"start":{"line":33,"column":4},"end":{"line":37,"column":6}},"3":{"start":{"line":51,"column":20},"end":{"line":51,"column":34}},"4":{"start":{"line":52,"column":4},"end":{"line":54,"column":5}},"5":{"start":{"line":53,"column":6},"end":{"line":53,"column":54}},"6":{"start":{"line":55,"column":4},"end":{"line":59,"column":6}}},"fnMap":{"0":{"name":"(anonymous_0)","decl":{"start":{"line":18,"column":2},"end":{"line":18,"column":3}},"loc":{"start":{"line":18,"column":71},"end":{"line":24,"column":3}},"line":18},"1":{"name":"(anonymous_1)","decl":{"start":{"line":32,"column":2},"end":{"line":32,"column":3}},"loc":{"start":{"line":32,"column":62},"end":{"line":38,"column":3}},"line":32},"2":{"name":"(anonymous_2)","decl":{"start":{"line":46,"column":2},"end":{"line":46,"column":3}},"loc":{"start":{"line":50,"column":4},"end":{"line":60,"column":3}},"line":50}},"branchMap":{"0":{"loc":{"start":{"line":18,"column":41},"end":{"line":18,"column":69}},"type":"default-arg","locations":[{"start":{"line":18,"column":64},"end":{"line":18,"column":69}}],"line":18},"1":{"loc":{"start":{"line":21,"column":6},"end":{"line":21,"column":53}},"type":"binary-expr","locations":[{"start":{"line":21,"column":6},"end":{"line":21,"column":13}},{"start":{"line":21,"column":17},"end":{"line":21,"column":53}}],"line":21},"2":{"loc":{"start":{"line":32,"column":32},"end":{"line":32,"column":60}},"type":"default-arg","locations":[{"start":{"line":32,"column":55},"end":{"line":32,"column":60}}],"line":32},"3":{"loc":{"start":{"line":35,"column":6},"end":{"line":35,"column":34}},"type":"binary-expr","locations":[{"start":{"line":35,"column":6},"end":{"line":35,"column":13}},{"start":{"line":35,"column":17},"end":{"line":35,"column":34}}],"line":35},"4":{"loc":{"start":{"line":49,"column":4},"end":{"line":49,"column":32}},"type":"default-arg","locations":[{"start":{"line":49,"column":27},"end":{"line":49,"column":32}}],"line":49},"5":{"loc":{"start":{"line":52,"column":4},"end":{"line":54,"column":5}},"type":"if","locations":[{"start":{"line":52,"column":4},"end":{"line":54,"column":5}},{"start":{"line":52,"column":4},"end":{"line":54,"column":5}}],"line":52}},"s":{"0":2,"1":3,"2":3,"3":6,"4":6,"5":0,"6":6},"f":{"0":3,"1":3,"2":6},"b":{"0":[3],"1":[3,1],"2":[3],"3":[3,1],"4":[0],"5":[0,6]},"_coverageSchema":"1a1c01bbd47fc00a2c39e90264f33305004495a9","hash":"c49d256f95dff5b358ddc3cd207723ec95976053"}
,"/Users/enri/Desktop/projects/personal/tmlambda/src/JSONAPICompatibilityHelper.js": {"path":"/Users/enri/Desktop/projects/personal/tmlambda/src/JSONAPICompatibilityHelper.js","statementMap":{"0":{"start":{"line":1,"column":37},"end":{"line":1,"column":63}},"1":{"start":{"line":2,"column":24},"end":{"line":2,"column":29}},"2":{"start":{"line":3,"column":32},"end":{"line":3,"column":46}},"3":{"start":{"line":12,"column":25},"end":{"line":12,"column":39}},"4":{"start":{"line":13,"column":4},"end":{"line":17,"column":6}},"5":{"start":{"line":26,"column":4},"end":{"line":26,"column":70}},"6":{"start":{"line":38,"column":4},"end":{"line":48,"column":6}}},"fnMap":{"0":{"name":"(anonymous_0)","decl":{"start":{"line":11,"column":2},"end":{"line":11,"column":3}},"loc":{"start":{"line":11,"column":38},"end":{"line":18,"column":3}},"line":11},"1":{"name":"(anonymous_1)","decl":{"start":{"line":25,"column":2},"end":{"line":25,"column":3}},"loc":{"start":{"line":25,"column":43},"end":{"line":27,"column":3}},"line":25},"2":{"name":"(anonymous_2)","decl":{"start":{"line":37,"column":2},"end":{"line":37,"column":3}},"loc":{"start":{"line":37,"column":60},"end":{"line":49,"column":3}},"line":37}},"branchMap":{"0":{"loc":{"start":{"line":14,"column":6},"end":{"line":16,"column":44}},"type":"binary-expr","locations":[{"start":{"line":14,"column":6},"end":{"line":14,"column":19}},{"start":{"line":15,"column":6},"end":{"line":15,"column":38}},{"start":{"line":16,"column":6},"end":{"line":16,"column":44}}],"line":14},"1":{"loc":{"start":{"line":37,"column":32},"end":{"line":37,"column":43}},"type":"default-arg","locations":[{"start":{"line":37,"column":39},"end":{"line":37,"column":43}}],"line":37},"2":{"loc":{"start":{"line":37,"column":45},"end":{"line":37,"column":58}},"type":"default-arg","locations":[{"start":{"line":37,"column":54},"end":{"line":37,"column":58}}],"line":37}},"s":{"0":2,"1":2,"2":2,"3":0,"4":0,"5":0,"6":0},"f":{"0":0,"1":0,"2":0},"b":{"0":[0,0,0],"1":[0],"2":[0]},"_coverageSchema":"1a1c01bbd47fc00a2c39e90264f33305004495a9","hash":"4b2c1a9dee01c2d0a346abdeea97820793f67618"}
,"/Users/enri/Desktop/projects/personal/tmlambda/src/getEC2SecGroups.js": {"path":"/Users/enri/Desktop/projects/personal/tmlambda/src/getEC2SecGroups.js","statementMap":{"0":{"start":{"line":8,"column":0},"end":{"line":23,"column":2}},"1":{"start":{"line":9,"column":14},"end":{"line":9,"column":27}},"2":{"start":{"line":10,"column":2},"end":{"line":22,"column":5}},"3":{"start":{"line":11,"column":4},"end":{"line":21,"column":9}},"4":{"start":{"line":15,"column":25},"end":{"line":15,"column":67}},"5":{"start":{"line":16,"column":8},"end":{"line":16,"column":26}},"6":{"start":{"line":19,"column":25},"end":{"line":19,"column":68}},"7":{"start":{"line":20,"column":8},"end":{"line":20,"column":25}},"8":{"start":{"line":25,"column":0},"end":{"line":96,"column":2}},"9":{"start":{"line":26,"column":14},"end":{"line":26,"column":27}},"10":{"start":{"line":27,"column":2},"end":{"line":95,"column":5}},"11":{"start":{"line":28,"column":4},"end":{"line":38,"column":5}},"12":{"start":{"line":29,"column":23},"end":{"line":34,"column":7}},"13":{"start":{"line":36,"column":6},"end":{"line":36,"column":80}},"14":{"start":{"line":37,"column":6},"end":{"line":37,"column":13}},"15":{"start":{"line":39,"column":4},"end":{"line":48,"column":5}},"16":{"start":{"line":40,"column":23},"end":{"line":45,"column":7}},"17":{"start":{"line":46,"column":6},"end":{"line":46,"column":80}},"18":{"start":{"line":47,"column":6},"end":{"line":47,"column":13}},"19":{"start":{"line":49,"column":4},"end":{"line":94,"column":9}},"20":{"start":{"line":53,"column":28},"end":{"line":59,"column":10}},"21":{"start":{"line":54,"column":10},"end":{"line":58,"column":12}},"22":{"start":{"line":60,"column":31},"end":{"line":65,"column":9}},"23":{"start":{"line":66,"column":8},"end":{"line":77,"column":11}},"24":{"start":{"line":67,"column":22},"end":{"line":75,"column":11}},"25":{"start":{"line":76,"column":10},"end":{"line":76,"column":40}},"26":{"start":{"line":78,"column":8},"end":{"line":78,"column":61}},"27":{"start":{"line":80,"column":25},"end":{"line":80,"column":78}},"28":{"start":{"line":81,"column":8},"end":{"line":81,"column":26}},"29":{"start":{"line":84,"column":25},"end":{"line":92,"column":9}},"30":{"start":{"line":93,"column":8},"end":{"line":93,"column":25}}},"fnMap":{"0":{"name":"(anonymous_0)","decl":{"start":{"line":8,"column":23},"end":{"line":8,"column":24}},"loc":{"start":{"line":8,"column":35},"end":{"line":23,"column":1}},"line":8},"1":{"name":"(anonymous_1)","decl":{"start":{"line":10,"column":21},"end":{"line":10,"column":22}},"loc":{"start":{"line":10,"column":42},"end":{"line":22,"column":3}},"line":10},"2":{"name":"(anonymous_2)","decl":{"start":{"line":14,"column":12},"end":{"line":14,"column":13}},"loc":{"start":{"line":14,"column":27},"end":{"line":17,"column":7}},"line":14},"3":{"name":"(anonymous_3)","decl":{"start":{"line":18,"column":13},"end":{"line":18,"column":14}},"loc":{"start":{"line":18,"column":20},"end":{"line":21,"column":7}},"line":18},"4":{"name":"(anonymous_4)","decl":{"start":{"line":25,"column":30},"end":{"line":25,"column":31}},"loc":{"start":{"line":25,"column":47},"end":{"line":96,"column":1}},"line":25},"5":{"name":"(anonymous_5)","decl":{"start":{"line":27,"column":21},"end":{"line":27,"column":22}},"loc":{"start":{"line":27,"column":42},"end":{"line":95,"column":3}},"line":27},"6":{"name":"(anonymous_6)","decl":{"start":{"line":52,"column":12},"end":{"line":52,"column":13}},"loc":{"start":{"line":52,"column":27},"end":{"line":82,"column":7}},"line":52},"7":{"name":"(anonymous_7)","decl":{"start":{"line":53,"column":57},"end":{"line":53,"column":58}},"loc":{"start":{"line":53,"column":65},"end":{"line":59,"column":9}},"line":53},"8":{"name":"(anonymous_8)","decl":{"start":{"line":66,"column":28},"end":{"line":66,"column":29}},"loc":{"start":{"line":66,"column":36},"end":{"line":77,"column":9}},"line":66},"9":{"name":"(anonymous_9)","decl":{"start":{"line":83,"column":13},"end":{"line":83,"column":14}},"loc":{"start":{"line":83,"column":20},"end":{"line":94,"column":7}},"line":83}},"branchMap":{"0":{"loc":{"start":{"line":28,"column":4},"end":{"line":38,"column":5}},"type":"if","locations":[{"start":{"line":28,"column":4},"end":{"line":38,"column":5}},{"start":{"line":28,"column":4},"end":{"line":38,"column":5}}],"line":28},"1":{"loc":{"start":{"line":39,"column":4},"end":{"line":48,"column":5}},"type":"if","locations":[{"start":{"line":39,"column":4},"end":{"line":48,"column":5}},{"start":{"line":39,"column":4},"end":{"line":48,"column":5}}],"line":39}},"s":{"0":1,"1":2,"2":2,"3":2,"4":1,"5":1,"6":1,"7":1,"8":1,"9":0,"10":0,"11":0,"12":0,"13":0,"14":0,"15":0,"16":0,"17":0,"18":0,"19":0,"20":0,"21":0,"22":0,"23":0,"24":0,"25":0,"26":0,"27":0,"28":0,"29":0,"30":0},"f":{"0":2,"1":2,"2":1,"3":1,"4":0,"5":0,"6":0,"7":0,"8":0,"9":0},"b":{"0":[0,0],"1":[0,0]},"_coverageSchema":"1a1c01bbd47fc00a2c39e90264f33305004495a9","hash":"3c975c5be9b0d4b38d0c6ff86c7e1a5db1853557"}
}
