{"/Users/enri/Desktop/projects/personal/tmlambda/src/ApiResponseHelper.js": {"path":"/Users/enri/Desktop/projects/personal/tmlambda/src/ApiResponseHelper.js","statementMap":{"0":{"start":{"line":6,"column":30},"end":{"line":9,"column":1}},"1":{"start":{"line":19,"column":4},"end":{"line":23,"column":6}},"2":{"start":{"line":33,"column":4},"end":{"line":37,"column":6}},"3":{"start":{"line":51,"column":20},"end":{"line":51,"column":34}},"4":{"start":{"line":52,"column":4},"end":{"line":54,"column":5}},"5":{"start":{"line":53,"column":6},"end":{"line":53,"column":54}},"6":{"start":{"line":55,"column":4},"end":{"line":59,"column":6}}},"fnMap":{"0":{"name":"(anonymous_0)","decl":{"start":{"line":18,"column":2},"end":{"line":18,"column":3}},"loc":{"start":{"line":18,"column":71},"end":{"line":24,"column":3}},"line":18},"1":{"name":"(anonymous_1)","decl":{"start":{"line":32,"column":2},"end":{"line":32,"column":3}},"loc":{"start":{"line":32,"column":62},"end":{"line":38,"column":3}},"line":32},"2":{"name":"(anonymous_2)","decl":{"start":{"line":46,"column":2},"end":{"line":46,"column":3}},"loc":{"start":{"line":50,"column":4},"end":{"line":60,"column":3}},"line":50}},"branchMap":{"0":{"loc":{"start":{"line":18,"column":41},"end":{"line":18,"column":69}},"type":"default-arg","locations":[{"start":{"line":18,"column":64},"end":{"line":18,"column":69}}],"line":18},"1":{"loc":{"start":{"line":21,"column":6},"end":{"line":21,"column":53}},"type":"binary-expr","locations":[{"start":{"line":21,"column":6},"end":{"line":21,"column":13}},{"start":{"line":21,"column":17},"end":{"line":21,"column":53}}],"line":21},"2":{"loc":{"start":{"line":32,"column":32},"end":{"line":32,"column":60}},"type":"default-arg","locations":[{"start":{"line":32,"column":55},"end":{"line":32,"column":60}}],"line":32},"3":{"loc":{"start":{"line":35,"column":6},"end":{"line":35,"column":34}},"type":"binary-expr","locations":[{"start":{"line":35,"column":6},"end":{"line":35,"column":13}},{"start":{"line":35,"column":17},"end":{"line":35,"column":34}}],"line":35},"4":{"loc":{"start":{"line":49,"column":4},"end":{"line":49,"column":32}},"type":"default-arg","locations":[{"start":{"line":49,"column":27},"end":{"line":49,"column":32}}],"line":49},"5":{"loc":{"start":{"line":52,"column":4},"end":{"line":54,"column":5}},"type":"if","locations":[{"start":{"line":52,"column":4},"end":{"line":54,"column":5}},{"start":{"line":52,"column":4},"end":{"line":54,"column":5}}],"line":52}},"s":{"0":2,"1":3,"2":3,"3":6,"4":6,"5":0,"6":6},"f":{"0":3,"1":3,"2":6},"b":{"0":[3],"1":[3,1],"2":[3],"3":[3,1],"4":[0],"5":[0,6]},"_coverageSchema":"1a1c01bbd47fc00a2c39e90264f33305004495a9","hash":"c49d256f95dff5b358ddc3cd207723ec95976053"}
,"/Users/enri/Desktop/projects/personal/tmlambda/src/JSONAPICompatibilityHelper.js": {"path":"/Users/enri/Desktop/projects/personal/tmlambda/src/JSONAPICompatibilityHelper.js","statementMap":{"0":{"start":{"line":1,"column":37},"end":{"line":1,"column":63}},"1":{"start":{"line":2,"column":24},"end":{"line":2,"column":29}},"2":{"start":{"line":3,"column":32},"end":{"line":3,"column":46}},"3":{"start":{"line":12,"column":25},"end":{"line":12,"column":39}},"4":{"start":{"line":13,"column":4},"end":{"line":17,"column":6}},"5":{"start":{"line":26,"column":4},"end":{"line":26,"column":70}},"6":{"start":{"line":38,"column":4},"end":{"line":48,"column":6}},"7":{"start":{"line":57,"column":4},"end":{"line":64,"column":5}},"8":{"start":{"line":58,"column":6},"end":{"line":63,"column":8}},"9":{"start":{"line":65,"column":4},"end":{"line":72,"column":5}},"10":{"start":{"line":66,"column":6},"end":{"line":71,"column":8}},"11":{"start":{"line":73,"column":4},"end":{"line":73,"column":16}}},"fnMap":{"0":{"name":"(anonymous_0)","decl":{"start":{"line":11,"column":2},"end":{"line":11,"column":3}},"loc":{"start":{"line":11,"column":38},"end":{"line":18,"column":3}},"line":11},"1":{"name":"(anonymous_1)","decl":{"start":{"line":25,"column":2},"end":{"line":25,"column":3}},"loc":{"start":{"line":25,"column":43},"end":{"line":27,"column":3}},"line":25},"2":{"name":"(anonymous_2)","decl":{"start":{"line":37,"column":2},"end":{"line":37,"column":3}},"loc":{"start":{"line":37,"column":58},"end":{"line":49,"column":3}},"line":37},"3":{"name":"(anonymous_3)","decl":{"start":{"line":56,"column":2},"end":{"line":56,"column":3}},"loc":{"start":{"line":56,"column":34},"end":{"line":74,"column":3}},"line":56}},"branchMap":{"0":{"loc":{"start":{"line":14,"column":6},"end":{"line":16,"column":44}},"type":"binary-expr","locations":[{"start":{"line":14,"column":6},"end":{"line":14,"column":19}},{"start":{"line":15,"column":6},"end":{"line":15,"column":38}},{"start":{"line":16,"column":6},"end":{"line":16,"column":44}}],"line":14},"1":{"loc":{"start":{"line":37,"column":32},"end":{"line":37,"column":41}},"type":"default-arg","locations":[{"start":{"line":37,"column":39},"end":{"line":37,"column":41}}],"line":37},"2":{"loc":{"start":{"line":37,"column":43},"end":{"line":37,"column":56}},"type":"default-arg","locations":[{"start":{"line":37,"column":52},"end":{"line":37,"column":56}}],"line":37},"3":{"loc":{"start":{"line":42,"column":16},"end":{"line":42,"column":43}},"type":"cond-expr","locations":[{"start":{"line":42,"column":23},"end":{"line":42,"column":38}},{"start":{"line":42,"column":41},"end":{"line":42,"column":43}}],"line":42},"4":{"loc":{"start":{"line":43,"column":17},"end":{"line":43,"column":46}},"type":"cond-expr","locations":[{"start":{"line":43,"column":25},"end":{"line":43,"column":41}},{"start":{"line":43,"column":44},"end":{"line":43,"column":46}}],"line":43},"5":{"loc":{"start":{"line":44,"column":18},"end":{"line":44,"column":49}},"type":"cond-expr","locations":[{"start":{"line":44,"column":27},"end":{"line":44,"column":44}},{"start":{"line":44,"column":47},"end":{"line":44,"column":49}}],"line":44},"6":{"loc":{"start":{"line":57,"column":4},"end":{"line":64,"column":5}},"type":"if","locations":[{"start":{"line":57,"column":4},"end":{"line":64,"column":5}},{"start":{"line":57,"column":4},"end":{"line":64,"column":5}}],"line":57},"7":{"loc":{"start":{"line":65,"column":4},"end":{"line":72,"column":5}},"type":"if","locations":[{"start":{"line":65,"column":4},"end":{"line":72,"column":5}},{"start":{"line":65,"column":4},"end":{"line":72,"column":5}}],"line":65}},"s":{"0":2,"1":2,"2":2,"3":0,"4":0,"5":0,"6":0,"7":0,"8":0,"9":0,"10":0,"11":0},"f":{"0":0,"1":0,"2":0,"3":0},"b":{"0":[0,0,0],"1":[0],"2":[0],"3":[0,0],"4":[0,0],"5":[0,0],"6":[0,0],"7":[0,0]},"_coverageSchema":"1a1c01bbd47fc00a2c39e90264f33305004495a9","hash":"5bd7bca516713960535c2547314b0c6594e7bb1d"}
,"/Users/enri/Desktop/projects/personal/tmlambda/src/getEC2SecGroups.js": {"path":"/Users/enri/Desktop/projects/personal/tmlambda/src/getEC2SecGroups.js","statementMap":{"0":{"start":{"line":12,"column":26},"end":{"line":12,"column":56}},"1":{"start":{"line":18,"column":0},"end":{"line":33,"column":2}},"2":{"start":{"line":19,"column":14},"end":{"line":19,"column":27}},"3":{"start":{"line":20,"column":2},"end":{"line":32,"column":5}},"4":{"start":{"line":21,"column":4},"end":{"line":31,"column":9}},"5":{"start":{"line":25,"column":25},"end":{"line":25,"column":67}},"6":{"start":{"line":26,"column":8},"end":{"line":26,"column":26}},"7":{"start":{"line":29,"column":25},"end":{"line":29,"column":68}},"8":{"start":{"line":30,"column":8},"end":{"line":30,"column":26}},"9":{"start":{"line":38,"column":0},"end":{"line":86,"column":2}},"10":{"start":{"line":39,"column":14},"end":{"line":39,"column":27}},"11":{"start":{"line":40,"column":21},"end":{"line":40,"column":44}},"12":{"start":{"line":41,"column":2},"end":{"line":85,"column":5}},"13":{"start":{"line":42,"column":26},"end":{"line":44,"column":5}},"14":{"start":{"line":45,"column":4},"end":{"line":55,"column":5}},"15":{"start":{"line":46,"column":6},"end":{"line":46,"column":58}},"16":{"start":{"line":47,"column":6},"end":{"line":53,"column":8}},"17":{"start":{"line":54,"column":6},"end":{"line":54,"column":13}},"18":{"start":{"line":56,"column":4},"end":{"line":84,"column":9}},"19":{"start":{"line":60,"column":8},"end":{"line":60,"column":68}},"20":{"start":{"line":62,"column":8},"end":{"line":62,"column":66}},"21":{"start":{"line":63,"column":8},"end":{"line":63,"column":78}},"22":{"start":{"line":64,"column":8},"end":{"line":64,"column":46}},"23":{"start":{"line":65,"column":31},"end":{"line":68,"column":9}},"24":{"start":{"line":70,"column":25},"end":{"line":70,"column":78}},"25":{"start":{"line":71,"column":8},"end":{"line":71,"column":26}},"26":{"start":{"line":74,"column":25},"end":{"line":82,"column":9}},"27":{"start":{"line":83,"column":8},"end":{"line":83,"column":26}}},"fnMap":{"0":{"name":"(anonymous_0)","decl":{"start":{"line":18,"column":23},"end":{"line":18,"column":24}},"loc":{"start":{"line":18,"column":35},"end":{"line":33,"column":1}},"line":18},"1":{"name":"(anonymous_1)","decl":{"start":{"line":20,"column":21},"end":{"line":20,"column":22}},"loc":{"start":{"line":20,"column":34},"end":{"line":32,"column":3}},"line":20},"2":{"name":"(anonymous_2)","decl":{"start":{"line":24,"column":12},"end":{"line":24,"column":13}},"loc":{"start":{"line":24,"column":27},"end":{"line":27,"column":7}},"line":24},"3":{"name":"(anonymous_3)","decl":{"start":{"line":28,"column":13},"end":{"line":28,"column":14}},"loc":{"start":{"line":28,"column":20},"end":{"line":31,"column":7}},"line":28},"4":{"name":"(anonymous_4)","decl":{"start":{"line":38,"column":30},"end":{"line":38,"column":31}},"loc":{"start":{"line":38,"column":47},"end":{"line":86,"column":1}},"line":38},"5":{"name":"(anonymous_5)","decl":{"start":{"line":41,"column":21},"end":{"line":41,"column":22}},"loc":{"start":{"line":41,"column":34},"end":{"line":85,"column":3}},"line":41},"6":{"name":"(anonymous_6)","decl":{"start":{"line":59,"column":12},"end":{"line":59,"column":13}},"loc":{"start":{"line":59,"column":27},"end":{"line":72,"column":7}},"line":59},"7":{"name":"(anonymous_7)","decl":{"start":{"line":73,"column":13},"end":{"line":73,"column":14}},"loc":{"start":{"line":73,"column":20},"end":{"line":84,"column":7}},"line":73}},"branchMap":{"0":{"loc":{"start":{"line":45,"column":4},"end":{"line":55,"column":5}},"type":"if","locations":[{"start":{"line":45,"column":4},"end":{"line":55,"column":5}},{"start":{"line":45,"column":4},"end":{"line":55,"column":5}}],"line":45}},"s":{"0":1,"1":1,"2":2,"3":2,"4":2,"5":1,"6":1,"7":1,"8":1,"9":1,"10":0,"11":0,"12":0,"13":0,"14":0,"15":0,"16":0,"17":0,"18":0,"19":0,"20":0,"21":0,"22":0,"23":0,"24":0,"25":0,"26":0,"27":0},"f":{"0":2,"1":2,"2":1,"3":1,"4":0,"5":0,"6":0,"7":0},"b":{"0":[0,0]},"_coverageSchema":"1a1c01bbd47fc00a2c39e90264f33305004495a9","hash":"20a3169897f4f8eee31c48b4a6b7dd7ac609b1fd"}
,"/Users/enri/Desktop/projects/personal/tmlambda/src/schemas/SecurityGroups/ipPermissionsEgressSchema.js": {"path":"/Users/enri/Desktop/projects/personal/tmlambda/src/schemas/SecurityGroups/ipPermissionsEgressSchema.js","statementMap":{},"fnMap":{},"branchMap":{},"s":{},"f":{},"b":{},"_coverageSchema":"1a1c01bbd47fc00a2c39e90264f33305004495a9","hash":"8f699081d405efd6cfb9312c15de6d744facc4ee"}
,"/Users/enri/Desktop/projects/personal/tmlambda/src/schemas/SecurityGroups/ipPermissionsSchema.js": {"path":"/Users/enri/Desktop/projects/personal/tmlambda/src/schemas/SecurityGroups/ipPermissionsSchema.js","statementMap":{"0":{"start":{"line":4,"column":45},"end":{"line":4,"column":49}},"1":{"start":{"line":6,"column":6},"end":{"line":8,"column":47}},"2":{"start":{"line":11,"column":4},"end":{"line":14,"column":6}}},"fnMap":{"0":{"name":"(anonymous_0)","decl":{"start":{"line":2,"column":19},"end":{"line":2,"column":20}},"loc":{"start":{"line":2,"column":29},"end":{"line":15,"column":3}},"line":2}},"branchMap":{"0":{"loc":{"start":{"line":6,"column":6},"end":{"line":8,"column":47}},"type":"cond-expr","locations":[{"start":{"line":7,"column":10},"end":{"line":7,"column":23}},{"start":{"line":8,"column":10},"end":{"line":8,"column":47}}],"line":6}},"s":{"0":0,"1":0,"2":0},"f":{"0":0},"b":{"0":[0,0]},"_coverageSchema":"1a1c01bbd47fc00a2c39e90264f33305004495a9","hash":"339b10326afb6d7aa83ff8b42983b9da8983618a"}
,"/Users/enri/Desktop/projects/personal/tmlambda/src/schemas/SecurityGroups/securityGroupsSchema.js": {"path":"/Users/enri/Desktop/projects/personal/tmlambda/src/schemas/SecurityGroups/securityGroupsSchema.js","statementMap":{"0":{"start":{"line":5,"column":6},"end":{"line":5,"column":47}},"1":{"start":{"line":12,"column":8},"end":{"line":15,"column":10}},"2":{"start":{"line":21,"column":8},"end":{"line":24,"column":10}},"3":{"start":{"line":32,"column":4},"end":{"line":34,"column":6}}},"fnMap":{"0":{"name":"(anonymous_0)","decl":{"start":{"line":4,"column":4},"end":{"line":4,"column":5}},"loc":{"start":{"line":4,"column":15},"end":{"line":6,"column":5}},"line":4},"1":{"name":"(anonymous_1)","decl":{"start":{"line":11,"column":6},"end":{"line":11,"column":7}},"loc":{"start":{"line":11,"column":18},"end":{"line":16,"column":7}},"line":11},"2":{"name":"(anonymous_2)","decl":{"start":{"line":20,"column":6},"end":{"line":20,"column":7}},"loc":{"start":{"line":20,"column":18},"end":{"line":25,"column":7}},"line":20},"3":{"name":"(anonymous_3)","decl":{"start":{"line":31,"column":2},"end":{"line":31,"column":3}},"loc":{"start":{"line":31,"column":21},"end":{"line":35,"column":3}},"line":31}},"branchMap":{},"s":{"0":0,"1":0,"2":0,"3":0},"f":{"0":0,"1":0,"2":0,"3":0},"b":{},"_coverageSchema":"1a1c01bbd47fc00a2c39e90264f33305004495a9","hash":"2817ae9424a8d2803b44bd27c4a28db1d5902214"}
,"/Users/enri/Desktop/projects/personal/tmlambda/src/schemas/SecurityGroups/tagSchema.js": {"path":"/Users/enri/Desktop/projects/personal/tmlambda/src/schemas/SecurityGroups/tagSchema.js","statementMap":{},"fnMap":{},"branchMap":{},"s":{},"f":{},"b":{},"_coverageSchema":"1a1c01bbd47fc00a2c39e90264f33305004495a9","hash":"f85ba600a5bc29b2b1056995967345aa74019bd3"}
}
