TN:
SF:src/ApiResponseHelper.js
FN:18,(anonymous_0)
FN:32,(anonymous_1)
FN:46,(anonymous_2)
FNF:3
FNH:3
FNDA:3,(anonymous_0)
FNDA:3,(anonymous_1)
FNDA:6,(anonymous_2)
DA:6,2
DA:19,3
DA:33,3
DA:51,6
DA:52,6
DA:53,0
DA:55,6
LF:7
LH:6
BRDA:18,0,0,3
BRDA:21,1,0,3
BRDA:21,1,1,1
BRDA:32,2,0,3
BRDA:35,3,0,3
BRDA:35,3,1,1
BRDA:49,4,0,0
BRDA:52,5,0,0
BRDA:52,5,1,6
BRF:9
BRH:7
end_of_record
TN:
SF:src/JSONAPICompatibilityHelper.js
FN:11,(anonymous_0)
FN:25,(anonymous_1)
FN:37,(anonymous_2)
FN:56,(anonymous_3)
FNF:4
FNH:0
FNDA:0,(anonymous_0)
FNDA:0,(anonymous_1)
FNDA:0,(anonymous_2)
FNDA:0,(anonymous_3)
DA:1,2
DA:2,2
DA:3,2
DA:12,0
DA:13,0
DA:26,0
DA:38,0
DA:57,0
DA:58,0
DA:65,0
DA:66,0
DA:73,0
LF:12
LH:3
BRDA:14,0,0,0
BRDA:14,0,1,0
BRDA:14,0,2,0
BRDA:37,1,0,0
BRDA:37,2,0,0
BRDA:42,3,0,0
BRDA:42,3,1,0
BRDA:43,4,0,0
BRDA:43,4,1,0
BRDA:44,5,0,0
BRDA:44,5,1,0
BRDA:57,6,0,0
BRDA:57,6,1,0
BRDA:65,7,0,0
BRDA:65,7,1,0
BRF:15
BRH:0
end_of_record
TN:
SF:src/getEC2SecGroups.js
FN:18,(anonymous_0)
FN:20,(anonymous_1)
FN:24,(anonymous_2)
FN:28,(anonymous_3)
FN:38,(anonymous_4)
FN:41,(anonymous_5)
FN:59,(anonymous_6)
FN:73,(anonymous_7)
FNF:8
FNH:4
FNDA:2,(anonymous_0)
FNDA:2,(anonymous_1)
FNDA:1,(anonymous_2)
FNDA:1,(anonymous_3)
FNDA:0,(anonymous_4)
FNDA:0,(anonymous_5)
FNDA:0,(anonymous_6)
FNDA:0,(anonymous_7)
DA:12,1
DA:18,1
DA:19,2
DA:20,2
DA:21,2
DA:25,1
DA:26,1
DA:29,1
DA:30,1
DA:38,1
DA:39,0
DA:40,0
DA:41,0
DA:42,0
DA:45,0
DA:46,0
DA:47,0
DA:54,0
DA:56,0
DA:60,0
DA:62,0
DA:63,0
DA:64,0
DA:65,0
DA:70,0
DA:71,0
DA:74,0
DA:83,0
LF:28
LH:10
BRDA:45,0,0,0
BRDA:45,0,1,0
BRF:2
BRH:0
end_of_record
TN:
SF:src/schemas/SecurityGroups/ipPermissionsEgressSchema.js
FNF:0
FNH:0
LF:0
LH:0
BRF:0
BRH:0
end_of_record
TN:
SF:src/schemas/SecurityGroups/ipPermissionsSchema.js
FN:2,(anonymous_0)
FNF:1
FNH:0
FNDA:0,(anonymous_0)
DA:4,0
DA:6,0
DA:11,0
LF:3
LH:0
BRDA:6,0,0,0
BRDA:6,0,1,0
BRF:2
BRH:0
end_of_record
TN:
SF:src/schemas/SecurityGroups/securityGroupsSchema.js
FN:4,(anonymous_0)
FN:11,(anonymous_1)
FN:20,(anonymous_2)
FN:31,(anonymous_3)
FNF:4
FNH:0
FNDA:0,(anonymous_0)
FNDA:0,(anonymous_1)
FNDA:0,(anonymous_2)
FNDA:0,(anonymous_3)
DA:5,0
DA:12,0
DA:21,0
DA:32,0
LF:4
LH:0
BRF:0
BRH:0
end_of_record
TN:
SF:src/schemas/SecurityGroups/tagSchema.js
FNF:0
FNH:0
LF:0
LH:0
BRF:0
BRH:0
end_of_record
