TN:
SF:src/ApiResponseHelper.js
FN:18,(anonymous_0)
FN:32,(anonymous_1)
FN:46,(anonymous_2)
FNF:3
FNH:3
FNDA:3,(anonymous_0)
FNDA:3,(anonymous_1)
FNDA:6,(anonymous_2)
DA:6,2
DA:19,3
DA:33,3
DA:51,6
DA:52,6
DA:53,0
DA:55,6
LF:7
LH:6
BRDA:18,0,0,3
BRDA:21,1,0,3
BRDA:21,1,1,1
BRDA:32,2,0,3
BRDA:35,3,0,3
BRDA:35,3,1,1
BRDA:49,4,0,0
BRDA:52,5,0,0
BRDA:52,5,1,6
BRF:9
BRH:7
end_of_record
TN:
SF:src/JSONAPICompatibilityHelper.js
FN:11,(anonymous_0)
FN:25,(anonymous_1)
FN:37,(anonymous_2)
FNF:3
FNH:0
FNDA:0,(anonymous_0)
FNDA:0,(anonymous_1)
FNDA:0,(anonymous_2)
DA:1,2
DA:2,2
DA:3,2
DA:12,0
DA:13,0
DA:26,0
DA:38,0
LF:7
LH:3
BRDA:14,0,0,0
BRDA:14,0,1,0
BRDA:14,0,2,0
BRDA:37,1,0,0
BRDA:37,2,0,0
BRF:5
BRH:0
end_of_record
TN:
SF:src/getEC2SecGroups.js
FN:8,(anonymous_0)
FN:10,(anonymous_1)
FN:14,(anonymous_2)
FN:18,(anonymous_3)
FN:25,(anonymous_4)
FN:27,(anonymous_5)
FN:52,(anonymous_6)
FN:53,(anonymous_7)
FN:66,(anonymous_8)
FN:83,(anonymous_9)
FNF:10
FNH:4
FNDA:2,(anonymous_0)
FNDA:2,(anonymous_1)
FNDA:1,(anonymous_2)
FNDA:1,(anonymous_3)
FNDA:0,(anonymous_4)
FNDA:0,(anonymous_5)
FNDA:0,(anonymous_6)
FNDA:0,(anonymous_7)
FNDA:0,(anonymous_8)
FNDA:0,(anonymous_9)
DA:8,1
DA:9,2
DA:10,2
DA:11,2
DA:15,1
DA:16,1
DA:19,1
DA:20,1
DA:25,1
DA:26,0
DA:27,0
DA:28,0
DA:29,0
DA:36,0
DA:37,0
DA:39,0
DA:40,0
DA:46,0
DA:47,0
DA:49,0
DA:53,0
DA:54,0
DA:60,0
DA:66,0
DA:67,0
DA:76,0
DA:78,0
DA:80,0
DA:81,0
DA:84,0
DA:93,0
LF:31
LH:9
BRDA:28,0,0,0
BRDA:28,0,1,0
BRDA:39,1,0,0
BRDA:39,1,1,0
BRF:4
BRH:0
end_of_record
